Traceback (most recent call last):
  File "/Users/gsw/anaconda3/envs/f540jbook/lib/python3.9/site-packages/jupyter_cache/executors/utils.py", line 51, in single_nb_execution
    executenb(
  File "/Users/gsw/anaconda3/envs/f540jbook/lib/python3.9/site-packages/nbclient/client.py", line 1112, in execute
    return NotebookClient(nb=nb, resources=resources, km=km, **kwargs).execute()
  File "/Users/gsw/anaconda3/envs/f540jbook/lib/python3.9/site-packages/nbclient/util.py", line 74, in wrapped
    return just_run(coro(*args, **kwargs))
  File "/Users/gsw/anaconda3/envs/f540jbook/lib/python3.9/site-packages/nbclient/util.py", line 53, in just_run
    return loop.run_until_complete(coro)
  File "/Users/gsw/anaconda3/envs/f540jbook/lib/python3.9/asyncio/base_events.py", line 642, in run_until_complete
    return future.result()
  File "/Users/gsw/anaconda3/envs/f540jbook/lib/python3.9/site-packages/nbclient/client.py", line 553, in async_execute
    await self.async_execute_cell(
  File "/Users/gsw/anaconda3/envs/f540jbook/lib/python3.9/site-packages/nbclient/client.py", line 857, in async_execute_cell
    self._check_raise_for_error(cell, exec_reply)
  File "/Users/gsw/anaconda3/envs/f540jbook/lib/python3.9/site-packages/nbclient/client.py", line 760, in _check_raise_for_error
    raise CellExecutionError.from_cell_and_msg(cell, exec_reply_content)
nbclient.exceptions.CellExecutionError: An error occurred while executing the following cell:
------------------
import matplotlib.pyplot as plt  # importar a bilioteca pyplot para fazer gráficos
import matplotlib.ticker as plticker
import numpy as np   # importar a biblioteca Numpy para lidar com matrizes
import pandas as pd   # importa bilioteca pandas para  lidar com processamento de dados
import os
from scipy import optimize
import SchemDraw as schem
import SchemDraw.elements as e
# interactive cells
import ipywidgets as widgets
from ipywidgets import interact, interact_manual
from scipy import optimize
------------------

[0;31m---------------------------------------------------------------------------[0m
[0;31mModuleNotFoundError[0m                       Traceback (most recent call last)
[0;32m<ipython-input-1-c4db5caee9c7>[0m in [0;36m<module>[0;34m[0m
[1;32m      5[0m [0;32mimport[0m [0mos[0m[0;34m[0m[0;34m[0m[0m
[1;32m      6[0m [0;32mfrom[0m [0mscipy[0m [0;32mimport[0m [0moptimize[0m[0;34m[0m[0;34m[0m[0m
[0;32m----> 7[0;31m [0;32mimport[0m [0mSchemDraw[0m [0;32mas[0m [0mschem[0m[0;34m[0m[0;34m[0m[0m
[0m[1;32m      8[0m [0;32mimport[0m [0mSchemDraw[0m[0;34m.[0m[0melements[0m [0;32mas[0m [0me[0m[0;34m[0m[0;34m[0m[0m
[1;32m      9[0m [0;31m# interactive cells[0m[0;34m[0m[0;34m[0m[0;34m[0m[0m

[0;31mModuleNotFoundError[0m: No module named 'SchemDraw'
ModuleNotFoundError: No module named 'SchemDraw'

