Traceback (most recent call last):
  File "/Library/Frameworks/Python.framework/Versions/3.7/lib/python3.7/site-packages/jupyter_cache/executors/utils.py", line 56, in single_nb_execution
    record_timing=False,
  File "/Library/Frameworks/Python.framework/Versions/3.7/lib/python3.7/site-packages/nbclient/client.py", line 1112, in execute
    return NotebookClient(nb=nb, resources=resources, km=km, **kwargs).execute()
  File "/Library/Frameworks/Python.framework/Versions/3.7/lib/python3.7/site-packages/nbclient/util.py", line 74, in wrapped
    return just_run(coro(*args, **kwargs))
  File "/Library/Frameworks/Python.framework/Versions/3.7/lib/python3.7/site-packages/nbclient/util.py", line 53, in just_run
    return loop.run_until_complete(coro)
  File "/Library/Frameworks/Python.framework/Versions/3.7/lib/python3.7/asyncio/base_events.py", line 587, in run_until_complete
    return future.result()
  File "/Library/Frameworks/Python.framework/Versions/3.7/lib/python3.7/site-packages/nbclient/client.py", line 554, in async_execute
    cell, index, execution_count=self.code_cells_executed + 1
  File "/Library/Frameworks/Python.framework/Versions/3.7/lib/python3.7/site-packages/nbclient/client.py", line 857, in async_execute_cell
    self._check_raise_for_error(cell, exec_reply)
  File "/Library/Frameworks/Python.framework/Versions/3.7/lib/python3.7/site-packages/nbclient/client.py", line 760, in _check_raise_for_error
    raise CellExecutionError.from_cell_and_msg(cell, exec_reply_content)
nbclient.exceptions.CellExecutionError: An error occurred while executing the following cell:
------------------
'''importa as bibliotecas necessárias'''
import matplotlib.pyplot as plt  # importar a bilioteca pyplot para fazer gráficos
import numpy as np   # importar a biblioteca Numpy para lidar com matrizes
import time          # importar a bilioteca para funções temporais
import pandas as pd   # importa bilioteca pandas para  lidar com processamento de dados
import os            # biblioteca para lidar com diretórios
import scipy.io #pacote para carregar dados do matlab
from scipy.optimize import curve_fit # pacote para ajuste de curvas
from uncertainties import ufloat # pacote para lidar com incertezas
#from scipy import optimize
%matplotlib inline   
------------------

[0;31m---------------------------------------------------------------------------[0m
[0;31mModuleNotFoundError[0m                       Traceback (most recent call last)
[0;32m<ipython-input-1-b83b52ea018b>[0m in [0;36m<module>[0;34m[0m
[1;32m      7[0m [0;32mimport[0m [0mscipy[0m[0;34m.[0m[0mio[0m [0;31m#pacote para carregar dados do matlab[0m[0;34m[0m[0;34m[0m[0m
[1;32m      8[0m [0;32mfrom[0m [0mscipy[0m[0;34m.[0m[0moptimize[0m [0;32mimport[0m [0mcurve_fit[0m [0;31m# pacote para ajuste de curvas[0m[0;34m[0m[0;34m[0m[0m
[0;32m----> 9[0;31m [0;32mfrom[0m [0muncertainties[0m [0;32mimport[0m [0mufloat[0m [0;31m# pacote para lidar com incertezas[0m[0;34m[0m[0;34m[0m[0m
[0m[1;32m     10[0m [0;31m#from scipy import optimize[0m[0;34m[0m[0;34m[0m[0;34m[0m[0m
[1;32m     11[0m [0mget_ipython[0m[0;34m([0m[0;34m)[0m[0;34m.[0m[0mrun_line_magic[0m[0;34m([0m[0;34m'matplotlib'[0m[0;34m,[0m [0;34m'inline   '[0m[0;34m)[0m[0;34m[0m[0;34m[0m[0m

[0;31mModuleNotFoundError[0m: No module named 'uncertainties'
ModuleNotFoundError: No module named 'uncertainties'

