Traceback (most recent call last):
  File "/Library/Frameworks/Python.framework/Versions/3.7/lib/python3.7/site-packages/jupyter_cache/executors/utils.py", line 56, in single_nb_execution
    record_timing=False,
  File "/Library/Frameworks/Python.framework/Versions/3.7/lib/python3.7/site-packages/nbclient/client.py", line 1112, in execute
    return NotebookClient(nb=nb, resources=resources, km=km, **kwargs).execute()
  File "/Library/Frameworks/Python.framework/Versions/3.7/lib/python3.7/site-packages/nbclient/util.py", line 74, in wrapped
    return just_run(coro(*args, **kwargs))
  File "/Library/Frameworks/Python.framework/Versions/3.7/lib/python3.7/site-packages/nbclient/util.py", line 53, in just_run
    return loop.run_until_complete(coro)
  File "/Library/Frameworks/Python.framework/Versions/3.7/lib/python3.7/asyncio/base_events.py", line 587, in run_until_complete
    return future.result()
  File "/Library/Frameworks/Python.framework/Versions/3.7/lib/python3.7/site-packages/nbclient/client.py", line 554, in async_execute
    cell, index, execution_count=self.code_cells_executed + 1
  File "/Library/Frameworks/Python.framework/Versions/3.7/lib/python3.7/site-packages/nbclient/client.py", line 857, in async_execute_cell
    self._check_raise_for_error(cell, exec_reply)
  File "/Library/Frameworks/Python.framework/Versions/3.7/lib/python3.7/site-packages/nbclient/client.py", line 760, in _check_raise_for_error
    raise CellExecutionError.from_cell_and_msg(cell, exec_reply_content)
nbclient.exceptions.CellExecutionError: An error occurred while executing the following cell:
------------------
import pandas as pd
data = pd.read_csv('dados/fft_exemplo_experimental_pb_20_13_54.dat',sep='\t')
data.head()
t = data['time (s)']
v1 = data['Channel 1 (V)']
v2 = data['Channel 2 (V)']
freq,Y1 = fft540(t,v1)### gráfico com 4 eixos###
freq,Y2 = fft540(t,v2)### gráfico com 4 eixos###
fig, ax = plt.subplots(2, 2,figsize=[10,7])
#tempo
ax0 = ax[0,0]
ax0 .plot(1e3*t,v1)
ax0 .plot(1e3*t,v2)
ax0 .set_xlabel('Tempo (ms)')
ax0 .set_ylabel('Amplitude (V)')
# ax0 .axvline(20,ls='--',c='gray')
# ax0 .axvline(25,ls='--',c='gray')
ax0.grid(True)
ax0.set_title('(a)')
#tempo com zoom
ax0 = ax[1,0]
ax0 .plot(1e3*t,v1)
ax0 .plot(1e3*t,v2)
ax0.set_xlabel('Tempo (ms)')
ax0.set_ylabel('Amplitude (V)')
ax0.set_xlim([-2.5,2.5])
ax0.grid(True)
# ax0.axvline(20,ls='--',c='gray')
# ax0.axvline(25,ls='--',c='gray')
ax0.set_title('(b)')
#fft linear - frequencias negativas e positivas
ax0 = ax[0,1]
ax0.plot(freq*1e-3, np.abs(Y1),'*-') # plotting the spectrum
ax0.plot(freq*1e-3, np.abs(Y2),'*-') # plotting the spectrum
ax0.set_xlabel('Freq (kHz)')
ax0.set_ylabel('|Y(freq)|')
ax0.set_xlim([0,10])
ax0.grid(True)
ax0.axvline(0,ls='--',c='gray')
ax0.axvline(1.1,ls='--',c='gray')
ax0.set_title('(c)')
#fft linear - ZOOM - apenas frequencias positivas
ax0 = ax[1,1]
ax0.plot(freq*1e-3, 2*np.abs(Y1),'*-') # plotting the spectrum
ax0.plot(freq*1e-3, 2*np.abs(Y2),'*-') # plotting the spectrum
ax0.set_xlabel('Freq (kHz)')
ax0.set_ylabel('2|Y(freq)|')
ax0.set_xlim([0,6])
ax0.axvline(0,ls='--',c='gray')
ax0.axvline(1.1,ls='--',c='gray')
ax0.grid(True)
ax0.set_title('(d)')
#ajustar e mostrar
plt.tight_layout()
glue("fig_fft1",fig,display=False)
------------------

[0;31m---------------------------------------------------------------------------[0m
[0;31mKeyError[0m                                  Traceback (most recent call last)
[0;32m/Library/Frameworks/Python.framework/Versions/3.7/lib/python3.7/site-packages/pandas/core/indexes/base.py[0m in [0;36mget_loc[0;34m(self, key, method, tolerance)[0m
[1;32m   2894[0m             [0;32mtry[0m[0;34m:[0m[0;34m[0m[0;34m[0m[0m
[0;32m-> 2895[0;31m                 [0;32mreturn[0m [0mself[0m[0;34m.[0m[0m_engine[0m[0;34m.[0m[0mget_loc[0m[0;34m([0m[0mcasted_key[0m[0;34m)[0m[0;34m[0m[0;34m[0m[0m
[0m[1;32m   2896[0m             [0;32mexcept[0m [0mKeyError[0m [0;32mas[0m [0merr[0m[0;34m:[0m[0;34m[0m[0;34m[0m[0m

[0;32mpandas/_libs/index.pyx[0m in [0;36mpandas._libs.index.IndexEngine.get_loc[0;34m()[0m

[0;32mpandas/_libs/index.pyx[0m in [0;36mpandas._libs.index.IndexEngine.get_loc[0;34m()[0m

[0;32mpandas/_libs/hashtable_class_helper.pxi[0m in [0;36mpandas._libs.hashtable.PyObjectHashTable.get_item[0;34m()[0m

[0;32mpandas/_libs/hashtable_class_helper.pxi[0m in [0;36mpandas._libs.hashtable.PyObjectHashTable.get_item[0;34m()[0m

[0;31mKeyError[0m: 'time (s)'

The above exception was the direct cause of the following exception:

[0;31mKeyError[0m                                  Traceback (most recent call last)
[0;32m<ipython-input-11-3eb68fcac355>[0m in [0;36m<module>[0;34m[0m
[1;32m      2[0m [0mdata[0m [0;34m=[0m [0mpd[0m[0;34m.[0m[0mread_csv[0m[0;34m([0m[0;34m'dados/fft_exemplo_experimental_pb_20_13_54.dat'[0m[0;34m,[0m[0msep[0m[0;34m=[0m[0;34m'\t'[0m[0;34m)[0m[0;34m[0m[0;34m[0m[0m
[1;32m      3[0m [0mdata[0m[0;34m.[0m[0mhead[0m[0;34m([0m[0;34m)[0m[0;34m[0m[0;34m[0m[0m
[0;32m----> 4[0;31m [0mt[0m [0;34m=[0m [0mdata[0m[0;34m[[0m[0;34m'time (s)'[0m[0;34m][0m[0;34m[0m[0;34m[0m[0m
[0m[1;32m      5[0m [0mv1[0m [0;34m=[0m [0mdata[0m[0;34m[[0m[0;34m'Channel 1 (V)'[0m[0;34m][0m[0;34m[0m[0;34m[0m[0m
[1;32m      6[0m [0mv2[0m [0;34m=[0m [0mdata[0m[0;34m[[0m[0;34m'Channel 2 (V)'[0m[0;34m][0m[0;34m[0m[0;34m[0m[0m

[0;32m/Library/Frameworks/Python.framework/Versions/3.7/lib/python3.7/site-packages/pandas/core/frame.py[0m in [0;36m__getitem__[0;34m(self, key)[0m
[1;32m   2900[0m             [0;32mif[0m [0mself[0m[0;34m.[0m[0mcolumns[0m[0;34m.[0m[0mnlevels[0m [0;34m>[0m [0;36m1[0m[0;34m:[0m[0;34m[0m[0;34m[0m[0m
[1;32m   2901[0m                 [0;32mreturn[0m [0mself[0m[0;34m.[0m[0m_getitem_multilevel[0m[0;34m([0m[0mkey[0m[0;34m)[0m[0;34m[0m[0;34m[0m[0m
[0;32m-> 2902[0;31m             [0mindexer[0m [0;34m=[0m [0mself[0m[0;34m.[0m[0mcolumns[0m[0;34m.[0m[0mget_loc[0m[0;34m([0m[0mkey[0m[0;34m)[0m[0;34m[0m[0;34m[0m[0m
[0m[1;32m   2903[0m             [0;32mif[0m [0mis_integer[0m[0;34m([0m[0mindexer[0m[0;34m)[0m[0;34m:[0m[0;34m[0m[0;34m[0m[0m
[1;32m   2904[0m                 [0mindexer[0m [0;34m=[0m [0;34m[[0m[0mindexer[0m[0;34m][0m[0;34m[0m[0;34m[0m[0m

[0;32m/Library/Frameworks/Python.framework/Versions/3.7/lib/python3.7/site-packages/pandas/core/indexes/base.py[0m in [0;36mget_loc[0;34m(self, key, method, tolerance)[0m
[1;32m   2895[0m                 [0;32mreturn[0m [0mself[0m[0;34m.[0m[0m_engine[0m[0;34m.[0m[0mget_loc[0m[0;34m([0m[0mcasted_key[0m[0;34m)[0m[0;34m[0m[0;34m[0m[0m
[1;32m   2896[0m             [0;32mexcept[0m [0mKeyError[0m [0;32mas[0m [0merr[0m[0;34m:[0m[0;34m[0m[0;34m[0m[0m
[0;32m-> 2897[0;31m                 [0;32mraise[0m [0mKeyError[0m[0;34m([0m[0mkey[0m[0;34m)[0m [0;32mfrom[0m [0merr[0m[0;34m[0m[0;34m[0m[0m
[0m[1;32m   2898[0m [0;34m[0m[0m
[1;32m   2899[0m         [0;32mif[0m [0mtolerance[0m [0;32mis[0m [0;32mnot[0m [0;32mNone[0m[0;34m:[0m[0;34m[0m[0;34m[0m[0m

[0;31mKeyError[0m: 'time (s)'
KeyError: 'time (s)'

