Traceback (most recent call last):
  File "/Library/Frameworks/Python.framework/Versions/3.7/lib/python3.7/site-packages/jupyter_cache/executors/utils.py", line 56, in single_nb_execution
    record_timing=False,
  File "/Library/Frameworks/Python.framework/Versions/3.7/lib/python3.7/site-packages/nbclient/client.py", line 1112, in execute
    return NotebookClient(nb=nb, resources=resources, km=km, **kwargs).execute()
  File "/Library/Frameworks/Python.framework/Versions/3.7/lib/python3.7/site-packages/nbclient/util.py", line 74, in wrapped
    return just_run(coro(*args, **kwargs))
  File "/Library/Frameworks/Python.framework/Versions/3.7/lib/python3.7/site-packages/nbclient/util.py", line 53, in just_run
    return loop.run_until_complete(coro)
  File "/Library/Frameworks/Python.framework/Versions/3.7/lib/python3.7/asyncio/base_events.py", line 587, in run_until_complete
    return future.result()
  File "/Library/Frameworks/Python.framework/Versions/3.7/lib/python3.7/site-packages/nbclient/client.py", line 554, in async_execute
    cell, index, execution_count=self.code_cells_executed + 1
  File "/Library/Frameworks/Python.framework/Versions/3.7/lib/python3.7/site-packages/nbclient/client.py", line 857, in async_execute_cell
    self._check_raise_for_error(cell, exec_reply)
  File "/Library/Frameworks/Python.framework/Versions/3.7/lib/python3.7/site-packages/nbclient/client.py", line 760, in _check_raise_for_error
    raise CellExecutionError.from_cell_and_msg(cell, exec_reply_content)
nbclient.exceptions.CellExecutionError: An error occurred while executing the following cell:
------------------
#GRAFICANDO BODE, LR e RL
fig=fig_bode(freq,[Trldb,Tlrdb],[fase_rc,fase_cr],['L','R']);
------------------

[0;31m---------------------------------------------------------------------------[0m
[0;31mValueError[0m                                Traceback (most recent call last)
[0;32m<ipython-input-19-ad4efcaf4902>[0m in [0;36m<module>[0;34m[0m
[1;32m      1[0m [0;31m#GRAFICANDO BODE, LR e RL[0m[0;34m[0m[0;34m[0m[0;34m[0m[0m
[0;32m----> 2[0;31m [0mfig[0m[0;34m=[0m[0mfig_bode[0m[0;34m([0m[0mfreq[0m[0;34m,[0m[0;34m[[0m[0mTrldb[0m[0;34m,[0m[0mTlrdb[0m[0;34m][0m[0;34m,[0m[0;34m[[0m[0mfase_rc[0m[0;34m,[0m[0mfase_cr[0m[0;34m][0m[0;34m,[0m[0;34m[[0m[0;34m'L'[0m[0;34m,[0m[0;34m'R'[0m[0;34m][0m[0;34m)[0m[0;34m;[0m[0;34m[0m[0;34m[0m[0m
[0m
[0;32m<ipython-input-3-93398a12e94a>[0m in [0;36mfig_bode[0;34m(freq, Tdbvec, fasevec, labelvec)[0m
[1;32m     69[0m     [0max[0m[0;34m[[0m[0;36m1[0m[0;34m][0m [0;34m=[0m [0mplt[0m[0;34m.[0m[0msubplot[0m[0;34m([0m[0;36m212[0m[0;34m)[0m[0;34m[0m[0;34m[0m[0m
[1;32m     70[0m     [0;32mfor[0m [0mm[0m [0;32min[0m [0mrange[0m[0;34m([0m[0mnp[0m[0;34m.[0m[0mshape[0m[0;34m([0m[0mfasevec[0m[0;34m)[0m[0;34m[[0m[0;36m0[0m[0;34m][0m[0;34m)[0m[0;34m:[0m[0;34m[0m[0;34m[0m[0m
[0;32m---> 71[0;31m         [0max[0m[0;34m[[0m[0;36m1[0m[0;34m][0m[0;34m.[0m[0mplot[0m[0;34m([0m[0mfreq[0m[0;34m,[0m[0mnp[0m[0;34m.[0m[0marray[0m[0;34m([0m[0mfasevec[0m[0;34m)[0m[0;34m[[0m[0mm[0m[0;34m,[0m[0;34m:[0m[0;34m][0m[0;34m,[0m[0;34m'-*'[0m[0;34m,[0m[0mlinewidth[0m[0;34m=[0m[0;36m2[0m[0;34m,[0m[0mlabel[0m[0;34m=[0m[0mlabelvec[0m[0;34m[[0m[0mm[0m[0;34m][0m[0;34m)[0m[0;34m[0m[0;34m[0m[0m
[0m[1;32m     72[0m     [0max[0m[0;34m[[0m[0;36m1[0m[0;34m][0m[0;34m.[0m[0mset_ylim[0m[0;34m([0m[0;34m[[0m[0;34m-[0m[0;36m200[0m[0;34m,[0m[0;36m200[0m[0;34m][0m[0;34m)[0m[0;34m[0m[0;34m[0m[0m
[1;32m     73[0m     [0max[0m[0;34m[[0m[0;36m1[0m[0;34m][0m[0;34m.[0m[0mset_xscale[0m[0;34m([0m[0;34m'log'[0m[0;34m)[0m[0;34m[0m[0;34m[0m[0m

[0;32m/Library/Frameworks/Python.framework/Versions/3.7/lib/python3.7/site-packages/matplotlib/axes/_axes.py[0m in [0;36mplot[0;34m(self, scalex, scaley, data, *args, **kwargs)[0m
[1;32m   1741[0m         """
[1;32m   1742[0m         [0mkwargs[0m [0;34m=[0m [0mcbook[0m[0;34m.[0m[0mnormalize_kwargs[0m[0;34m([0m[0mkwargs[0m[0;34m,[0m [0mmlines[0m[0;34m.[0m[0mLine2D[0m[0;34m)[0m[0;34m[0m[0;34m[0m[0m
[0;32m-> 1743[0;31m         [0mlines[0m [0;34m=[0m [0;34m[[0m[0;34m*[0m[0mself[0m[0;34m.[0m[0m_get_lines[0m[0;34m([0m[0;34m*[0m[0margs[0m[0;34m,[0m [0mdata[0m[0;34m=[0m[0mdata[0m[0;34m,[0m [0;34m**[0m[0mkwargs[0m[0;34m)[0m[0;34m][0m[0;34m[0m[0;34m[0m[0m
[0m[1;32m   1744[0m         [0;32mfor[0m [0mline[0m [0;32min[0m [0mlines[0m[0;34m:[0m[0;34m[0m[0;34m[0m[0m
[1;32m   1745[0m             [0mself[0m[0;34m.[0m[0madd_line[0m[0;34m([0m[0mline[0m[0;34m)[0m[0;34m[0m[0;34m[0m[0m

[0;32m/Library/Frameworks/Python.framework/Versions/3.7/lib/python3.7/site-packages/matplotlib/axes/_base.py[0m in [0;36m__call__[0;34m(self, data, *args, **kwargs)[0m
[1;32m    271[0m                 [0mthis[0m [0;34m+=[0m [0margs[0m[0;34m[[0m[0;36m0[0m[0;34m][0m[0;34m,[0m[0;34m[0m[0;34m[0m[0m
[1;32m    272[0m                 [0margs[0m [0;34m=[0m [0margs[0m[0;34m[[0m[0;36m1[0m[0;34m:[0m[0;34m][0m[0;34m[0m[0;34m[0m[0m
[0;32m--> 273[0;31m             [0;32myield[0m [0;32mfrom[0m [0mself[0m[0;34m.[0m[0m_plot_args[0m[0;34m([0m[0mthis[0m[0;34m,[0m [0mkwargs[0m[0;34m)[0m[0;34m[0m[0;34m[0m[0m
[0m[1;32m    274[0m [0;34m[0m[0m
[1;32m    275[0m     [0;32mdef[0m [0mget_next_color[0m[0;34m([0m[0mself[0m[0;34m)[0m[0;34m:[0m[0;34m[0m[0;34m[0m[0m

[0;32m/Library/Frameworks/Python.framework/Versions/3.7/lib/python3.7/site-packages/matplotlib/axes/_base.py[0m in [0;36m_plot_args[0;34m(self, tup, kwargs)[0m
[1;32m    397[0m [0;34m[0m[0m
[1;32m    398[0m         [0;32mif[0m [0mx[0m[0;34m.[0m[0mshape[0m[0;34m[[0m[0;36m0[0m[0;34m][0m [0;34m!=[0m [0my[0m[0;34m.[0m[0mshape[0m[0;34m[[0m[0;36m0[0m[0;34m][0m[0;34m:[0m[0;34m[0m[0;34m[0m[0m
[0;32m--> 399[0;31m             raise ValueError(f"x and y must have same first dimension, but "
[0m[1;32m    400[0m                              f"have shapes {x.shape} and {y.shape}")
[1;32m    401[0m         [0;32mif[0m [0mx[0m[0;34m.[0m[0mndim[0m [0;34m>[0m [0;36m2[0m [0;32mor[0m [0my[0m[0;34m.[0m[0mndim[0m [0;34m>[0m [0;36m2[0m[0;34m:[0m[0;34m[0m[0;34m[0m[0m

[0;31mValueError[0m: x and y must have same first dimension, but have shapes (200,) and (20,)
ValueError: x and y must have same first dimension, but have shapes (200,) and (20,)

