Traceback (most recent call last):
  File "/Library/Frameworks/Python.framework/Versions/3.7/lib/python3.7/site-packages/jupyter_cache/executors/utils.py", line 56, in single_nb_execution
    record_timing=False,
  File "/Library/Frameworks/Python.framework/Versions/3.7/lib/python3.7/site-packages/nbclient/client.py", line 1112, in execute
    return NotebookClient(nb=nb, resources=resources, km=km, **kwargs).execute()
  File "/Library/Frameworks/Python.framework/Versions/3.7/lib/python3.7/site-packages/nbclient/util.py", line 74, in wrapped
    return just_run(coro(*args, **kwargs))
  File "/Library/Frameworks/Python.framework/Versions/3.7/lib/python3.7/site-packages/nbclient/util.py", line 53, in just_run
    return loop.run_until_complete(coro)
  File "/Library/Frameworks/Python.framework/Versions/3.7/lib/python3.7/asyncio/base_events.py", line 587, in run_until_complete
    return future.result()
  File "/Library/Frameworks/Python.framework/Versions/3.7/lib/python3.7/site-packages/nbclient/client.py", line 554, in async_execute
    cell, index, execution_count=self.code_cells_executed + 1
  File "/Library/Frameworks/Python.framework/Versions/3.7/lib/python3.7/site-packages/nbclient/client.py", line 857, in async_execute_cell
    self._check_raise_for_error(cell, exec_reply)
  File "/Library/Frameworks/Python.framework/Versions/3.7/lib/python3.7/site-packages/nbclient/client.py", line 760, in _check_raise_for_error
    raise CellExecutionError.from_cell_and_msg(cell, exec_reply_content)
nbclient.exceptions.CellExecutionError: An error occurred while executing the following cell:
------------------
func_gen = pylef.BK4052()          # definição do gerador de funções
scope = pylef.TektronixTBS1062()   # definição do osciloscópio
------------------

[0;31m---------------------------------------------------------------------------[0m
[0;31mVisaIOError[0m                               Traceback (most recent call last)
[0;32m<ipython-input-4-9492673a926d>[0m in [0;36m<module>[0;34m[0m
[0;32m----> 1[0;31m [0mfunc_gen[0m [0;34m=[0m [0mpylef[0m[0;34m.[0m[0mBK4052[0m[0;34m([0m[0;34m)[0m          [0;31m# definição do gerador de funções[0m[0;34m[0m[0;34m[0m[0m
[0m[1;32m      2[0m [0mscope[0m [0;34m=[0m [0mpylef[0m[0;34m.[0m[0mTektronixTBS1062[0m[0;34m([0m[0;34m)[0m   [0;31m# definição do osciloscópio[0m[0;34m[0m[0;34m[0m[0m

[0;32m/Library/Frameworks/Python.framework/Versions/3.7/lib/python3.7/site-packages/pylef/generator.py[0m in [0;36m__init__[0;34m(self)[0m
[1;32m    102[0m         [0mself[0m[0;34m.[0m[0mid_bk[0m [0;34m=[0m [0;34m'0xF4ED'[0m[0;34m;[0m [0;31m# identificador do fabricante BK[0m[0;34m[0m[0;34m[0m[0m
[1;32m    103[0m         [0mself[0m[0;34m.[0m[0mdelay_time[0m [0;34m=[0m [0;36m0.5[0m [0;31m# time to wait after write and query - BK BUG![0m[0;34m[0m[0;34m[0m[0m
[0;32m--> 104[0;31m         [0minterface_name[0m [0;34m=[0m [0mself[0m[0;34m.[0m[0mfind_interface[0m[0;34m([0m[0;34m)[0m[0;34m[0m[0;34m[0m[0m
[0m[1;32m    105[0m         [0;31m# instrument initialization[0m[0;34m[0m[0;34m[0m[0;34m[0m[0m
[1;32m    106[0m         [0mself[0m[0;34m.[0m[0minstr[0m [0;34m=[0m [0mvisa[0m[0;34m.[0m[0mResourceManager[0m[0;34m([0m[0;34m)[0m[0;34m.[0m[0mopen_resource[0m[0;34m([0m[0minterface_name[0m[0;34m)[0m   [0;31m## resource name[0m[0;34m[0m[0;34m[0m[0m

[0;32m/Library/Frameworks/Python.framework/Versions/3.7/lib/python3.7/site-packages/pylef/generator.py[0m in [0;36mfind_interface[0;34m(self)[0m
[1;32m    123[0m             [0mfab_id[0m [0;34m=[0m [0mresource[0m[0;34m.[0m[0msplit[0m[0;34m([0m[0;34m'::'[0m[0;34m)[0m[0;34m[[0m[0;36m1[0m[0;34m][0m[0;34m[0m[0;34m[0m[0m
[1;32m    124[0m             [0;32mif[0m [0mfab_id[0m [0;34m==[0m [0mself[0m[0;34m.[0m[0mid_bk[0m[0;34m:[0m[0;34m[0m[0;34m[0m[0m
[0;32m--> 125[0;31m                 [0minstr[0m [0;34m=[0m [0mvisa[0m[0;34m.[0m[0mResourceManager[0m[0;34m([0m[0;34m)[0m[0;34m.[0m[0mopen_resource[0m[0;34m([0m[0mresource[0m[0;34m)[0m[0;34m[0m[0;34m[0m[0m
[0m[1;32m    126[0m                 [0minstr[0m[0;34m.[0m[0mtimeout[0m [0;34m=[0m [0;36m10000[0m [0;31m# set timeout to 10 seconds[0m[0;34m[0m[0;34m[0m[0m
[1;32m    127[0m                 [0mbk_str[0m [0;34m=[0m [0minstr[0m[0;34m.[0m[0mquery[0m[0;34m([0m[0;34m'*IDN?'[0m[0;34m,[0m [0mdelay[0m [0;34m=[0m [0mself[0m[0;34m.[0m[0mdelay_time[0m[0;34m)[0m[0;34m[0m[0;34m[0m[0m

[0;32m/Library/Frameworks/Python.framework/Versions/3.7/lib/python3.7/site-packages/pyvisa/highlevel.py[0m in [0;36mopen_resource[0;34m(self, resource_name, access_mode, open_timeout, resource_pyclass, **kwargs)[0m
[1;32m   3302[0m                 )
[1;32m   3303[0m [0;34m[0m[0m
[0;32m-> 3304[0;31m         [0mres[0m[0;34m.[0m[0mopen[0m[0;34m([0m[0maccess_mode[0m[0;34m,[0m [0mopen_timeout[0m[0;34m)[0m[0;34m[0m[0;34m[0m[0m
[0m[1;32m   3305[0m [0;34m[0m[0m
[1;32m   3306[0m         [0;32mfor[0m [0mkey[0m[0;34m,[0m [0mvalue[0m [0;32min[0m [0mkwargs[0m[0;34m.[0m[0mitems[0m[0;34m([0m[0;34m)[0m[0;34m:[0m[0;34m[0m[0;34m[0m[0m

[0;32m/Library/Frameworks/Python.framework/Versions/3.7/lib/python3.7/site-packages/pyvisa/resources/resource.py[0m in [0;36mopen[0;34m(self, access_mode, open_timeout)[0m
[1;32m    296[0m         ):
[1;32m    297[0m             self.session, status = self._resource_manager.open_bare_resource(
[0;32m--> 298[0;31m                 [0mself[0m[0;34m.[0m[0m_resource_name[0m[0;34m,[0m [0maccess_mode[0m[0;34m,[0m [0mopen_timeout[0m[0;34m[0m[0;34m[0m[0m
[0m[1;32m    299[0m             )
[1;32m    300[0m [0;34m[0m[0m

[0;32m/Library/Frameworks/Python.framework/Versions/3.7/lib/python3.7/site-packages/pyvisa/highlevel.py[0m in [0;36mopen_bare_resource[0;34m(self, resource_name, access_mode, open_timeout)[0m
[1;32m   3230[0m [0;34m[0m[0m
[1;32m   3231[0m         """
[0;32m-> 3232[0;31m         [0;32mreturn[0m [0mself[0m[0;34m.[0m[0mvisalib[0m[0;34m.[0m[0mopen[0m[0;34m([0m[0mself[0m[0;34m.[0m[0msession[0m[0;34m,[0m [0mresource_name[0m[0;34m,[0m [0maccess_mode[0m[0;34m,[0m [0mopen_timeout[0m[0;34m)[0m[0;34m[0m[0;34m[0m[0m
[0m[1;32m   3233[0m [0;34m[0m[0m
[1;32m   3234[0m     def open_resource(

[0;32m/Library/Frameworks/Python.framework/Versions/3.7/lib/python3.7/site-packages/pyvisa/ctwrapper/functions.py[0m in [0;36mopen[0;34m(library, session, resource_name, access_mode, open_timeout)[0m
[1;32m   1850[0m     [0;31m# ViRsrc converts from (str, unicode, bytes) to bytes[0m[0;34m[0m[0;34m[0m[0;34m[0m[0m
[1;32m   1851[0m     ret = library.viOpen(
[0;32m-> 1852[0;31m         [0msession[0m[0;34m,[0m [0mresource_name[0m[0;34m,[0m [0maccess_mode[0m[0;34m,[0m [0mopen_timeout[0m[0;34m,[0m [0mbyref[0m[0;34m([0m[0mout_session[0m[0;34m)[0m[0;34m[0m[0;34m[0m[0m
[0m[1;32m   1853[0m     )
[1;32m   1854[0m     [0;32mreturn[0m [0mout_session[0m[0;34m.[0m[0mvalue[0m[0;34m,[0m [0mret[0m[0;34m[0m[0;34m[0m[0m

[0;32m/Library/Frameworks/Python.framework/Versions/3.7/lib/python3.7/site-packages/pyvisa/ctwrapper/highlevel.py[0m in [0;36m_return_handler[0;34m(self, ret_value, func, arguments)[0m
[1;32m    220[0m                 [0msession[0m [0;34m=[0m [0;32mNone[0m[0;34m[0m[0;34m[0m[0m
[1;32m    221[0m [0;34m[0m[0m
[0;32m--> 222[0;31m         [0;32mreturn[0m [0mself[0m[0;34m.[0m[0mhandle_return_value[0m[0;34m([0m[0msession[0m[0;34m,[0m [0mret_value[0m[0;34m)[0m  [0;31m# type: ignore[0m[0;34m[0m[0;34m[0m[0m
[0m[1;32m    223[0m [0;34m[0m[0m
[1;32m    224[0m     def list_resources(

[0;32m/Library/Frameworks/Python.framework/Versions/3.7/lib/python3.7/site-packages/pyvisa/highlevel.py[0m in [0;36mhandle_return_value[0;34m(self, session, status_code)[0m
[1;32m    249[0m [0;34m[0m[0m
[1;32m    250[0m         [0;32mif[0m [0mrv[0m [0;34m<[0m [0;36m0[0m[0;34m:[0m[0;34m[0m[0;34m[0m[0m
[0;32m--> 251[0;31m             [0;32mraise[0m [0merrors[0m[0;34m.[0m[0mVisaIOError[0m[0;34m([0m[0mrv[0m[0;34m)[0m[0;34m[0m[0;34m[0m[0m
[0m[1;32m    252[0m [0;34m[0m[0m
[1;32m    253[0m         [0;32mif[0m [0mrv[0m [0;32min[0m [0mself[0m[0;34m.[0m[0missue_warning_on[0m[0;34m:[0m[0;34m[0m[0;34m[0m[0m

[0;31mVisaIOError[0m: VI_ERROR_RSRC_BUSY (-1073807246): The resource is valid, but VISA cannot currently access it.
VisaIOError: VI_ERROR_RSRC_BUSY (-1073807246): The resource is valid, but VISA cannot currently access it.

